This is pdfTeX, Version 3.1415926-2.4-1.40.13 (MiKTeX 2.9)
entering extended mode
(C:\cygwin\home\Jonathon\CourseOutlines\203-945-DW\203-945-DW.tex
LaTeX2e <2011/06/27>
Babel <v3.8m> and hyphenation patterns for english, afrikaans, ancientgreek, ar
abic, armenian, assamese, basque, bengali, bokmal, bulgarian, catalan, coptic, 
croatian, czech, danish, dutch, esperanto, estonian, farsi, finnish, french, ga
lician, german, german-x-2012-05-30, greek, gujarati, hindi, hungarian, iceland
ic, indonesian, interlingua, irish, italian, kannada, kurmanji, latin, latvian,
 lithuanian, malayalam, marathi, mongolian, mongolianlmc, monogreek, ngerman, n
german-x-2012-05-30, nynorsk, oriya, panjabi, pinyin, polish, portuguese, roman
ian, russian, sanskrit, serbian, slovak, slovenian, spanish, swedish, swissgerm
an, tamil, telugu, turkish, turkmen, ukenglish, ukrainian, uppersorbian, usengl
ishmax, welsh, loaded.
(C:\cygwin\home\Jonathon\CourseOutlines\203-945-DW\dawsoncourseoutline.cls
Document Class: dawsoncourseoutline 2010/02/04 v.beta Physics Department
("C:\Program Files\MiKTeX 2.9\tex\latex\base\ifthen.sty")
("C:\Program Files\MiKTeX 2.9\tex\latex\ltxmisc\url.sty")
(C:\Users\Jonathon\AppData\Roaming\MiKTeX\2.9\tex\latex\tabulary\tabulary.sty
("C:\Program Files\MiKTeX 2.9\tex\latex\tools\array.sty"))
("C:\Program Files\MiKTeX 2.9\tex\latex\graphics\graphicx.sty"
("C:\Program Files\MiKTeX 2.9\tex\latex\graphics\keyval.sty")
("C:\Program Files\MiKTeX 2.9\tex\latex\graphics\graphics.sty"
("C:\Program Files\MiKTeX 2.9\tex\latex\graphics\trig.sty")
("C:\Program Files\MiKTeX 2.9\tex\latex\00miktex\graphics.cfg")
("C:\Program Files\MiKTeX 2.9\tex\latex\pdftex-def\pdftex.def"
("C:\Program Files\MiKTeX 2.9\tex\generic\oberdiek\infwarerr.sty")
("C:\Program Files\MiKTeX 2.9\tex\generic\oberdiek\ltxcmds.sty"))))
("C:\Program Files\MiKTeX 2.9\tex\latex\dingbat\dingbat.sty")
("C:\Program Files\MiKTeX 2.9\tex\latex\bbding\bbding.sty")
("C:\Program Files\MiKTeX 2.9\tex\latex\base\article.cls"
Document Class: article 2007/10/19 v1.4h Standard LaTeX document class
("C:\Program Files\MiKTeX 2.9\tex\latex\base\size10.clo"))
("C:\Program Files\MiKTeX 2.9\tex\latex\enumitem\enumitem.sty"))
(C:\cygwin\home\Jonathon\CourseOutlines\203-945-DW\title.tex)
(C:\cygwin\home\Jonathon\CourseOutlines\203-945-DW\203-945-DW.aux)
("C:\Program Files\MiKTeX 2.9\tex\context\base\supp-pdf.mkii"
[Loading MPS to PDF converter (version 2006.09.02).]
) <./dawson.png, id=1, 483.30562pt x 158.09062pt> <use ./dawson.png>
(C:\cygwin\home\Jonathon\CourseOutlines\203-945-DW\Teachers.tex)
(C:\cygwin\home\Jonathon\CourseOutlines\203-945-DW\Prerequisites.tex)
(C:\cygwin\home\Jonathon\CourseOutlines\203-945-DW\Corequisites.tex)
(C:\cygwin\home\Jonathon\CourseOutlines\203-945-DW\Ponderation.tex)
(C:\cygwin\home\Jonathon\CourseOutlines\203-945-DW\CourseObjectives.tex)
Underfull \hbox (badness 10000) in paragraph at lines 2--30

(C:\cygwin\home\Jonathon\CourseOutlines\203-945-DW\CourseCompetencies.tex)
Underfull \hbox (badness 10000) in paragraph at lines 22--32

(C:\cygwin\home\Jonathon\CourseOutlines\General\EvaluationIntro.tex)
Underfull \hbox (badness 10000) in paragraph at lines 1--34

(C:\cygwin\home\Jonathon\CourseOutlines\203-945-DW\EvaluationGrid.tex
Underfull \hbox (badness 10000) in paragraph at lines 1--1

)
Underfull \hbox (badness 10000) in paragraph at lines 1--36

(C:\cygwin\home\Jonathon\CourseOutlines\203-945-DW\ToPass.tex
(C:\cygwin\home\Jonathon\CourseOutlines\General\ToPass_LabReq.tex))
Underfull \hbox (badness 10000) in paragraph at lines 1--38

(C:\cygwin\home\Jonathon\CourseOutlines\General\EvaluationNote.tex
("C:\Program Files\MiKTeX 2.9\tex\latex\base\omscmr.fd"))
Underfull \hbox (badness 10000) in paragraph at lines 10--40

(C:\cygwin\home\Jonathon\CourseOutlines\203-945-DW\Textbook.tex [1{C:/Users/Jon
athon/AppData/Local/MiKTeX/2.9/pdftex/config/pdftex.map} <C:/cygwin/home/Jonath
on/CourseOutlines/203-945-DW/dawson.png>])
Underfull \hbox (badness 10000) in paragraph at lines 5--42

(C:\cygwin\home\Jonathon\CourseOutlines\General\TeachingMethods.tex)
Underfull \hbox (badness 10000) in paragraph at lines 1--44

(C:\cygwin\home\Jonathon\CourseOutlines\General\Attendance.tex)
Underfull \hbox (badness 10000) in paragraph at lines 1--46

(C:\cygwin\home\Jonathon\CourseOutlines\General\LiteracyStandards.tex)
Underfull \hbox (badness 10000) in paragraph at lines 1--48

(C:\cygwin\home\Jonathon\CourseOutlines\General\LabWork.tex)
Underfull \hbox (badness 10000) in paragraph at lines 1--50

(C:\cygwin\home\Jonathon\CourseOutlines\General\StudentObligations.tex)
Underfull \hbox (badness 10000) in paragraph at lines 1--52

(C:\cygwin\home\Jonathon\CourseOutlines\General\AcademicIntegrity.tex)
Underfull \hbox (badness 10000) in paragraph at lines 1--54

(C:\cygwin\home\Jonathon\CourseOutlines\General\Intensives.tex)
Underfull \hbox (badness 10000) in paragraph at lines 1--56

(C:\cygwin\home\Jonathon\CourseOutlines\General\ReligiousObservances.tex)
Underfull \hbox (badness 10000) in paragraph at lines 1--58

(C:\cygwin\home\Jonathon\CourseOutlines\203-945-DW\CourseContent.tex)
Underfull \hbox (badness 10000) in paragraph at lines 18--60

[2]
(C:\cygwin\home\Jonathon\CourseOutlines\203-945-DW\ComprehensiveAssessment.tex)
(C:\cygwin\home\Jonathon\CourseOutlines\203-945-DW\Notes.tex)
(C:\cygwin\home\Jonathon\CourseOutlines\203-945-DW\Questions.tex
(C:\cygwin\home\Jonathon\CourseOutlines\General\Questions_noFC.tex))
Underfull \hbox (badness 10000) in paragraph at lines 7--66

[3] (C:\cygwin\home\Jonathon\CourseOutlines\203-945-DW\203-945-DW.aux) )
(see the transcript file for additional information)<C:/Program Files/MiKTeX 2.
9/fonts/type1/public/amsfonts/cm/cmbx10.pfb><C:/Program Files/MiKTeX 2.9/fonts/
type1/public/amsfonts/cm/cmbx12.pfb><C:/Program Files/MiKTeX 2.9/fonts/type1/pu
blic/amsfonts/cm/cmr10.pfb><C:/Program Files/MiKTeX 2.9/fonts/type1/public/amsf
onts/cm/cmr12.pfb><C:/Program Files/MiKTeX 2.9/fonts/type1/public/amsfonts/cm/c
mr9.pfb><C:/Program Files/MiKTeX 2.9/fonts/type1/public/amsfonts/cm/cmsy10.pfb>
<C:/Program Files/MiKTeX 2.9/fonts/type1/public/amsfonts/cm/cmsy7.pfb><C:/Progr
am Files/MiKTeX 2.9/fonts/type1/public/amsfonts/cm/cmti10.pfb><C:/Program Files
/MiKTeX 2.9/fonts/type1/public/amsfonts/cm/cmtt10.pfb>
Output written on 203-945-DW.pdf (3 pages, 265522 bytes).
Transcript written on 203-945-DW.log.
