This is pdfTeX, Version 3.1415926-2.4-1.40.13 (MiKTeX 2.9)
entering extended mode
(C:\cygwin\home\Jonathon\CourseOutlines\203-912-DW\203-912-DW.tex
LaTeX2e <2011/06/27>
Babel <v3.8m> and hyphenation patterns for english, afrikaans, ancientgreek, ar
abic, armenian, assamese, basque, bengali, bokmal, bulgarian, catalan, coptic, 
croatian, czech, danish, dutch, esperanto, estonian, farsi, finnish, french, ga
lician, german, german-x-2012-05-30, greek, gujarati, hindi, hungarian, iceland
ic, indonesian, interlingua, irish, italian, kannada, kurmanji, latin, latvian,
 lithuanian, malayalam, marathi, mongolian, mongolianlmc, monogreek, ngerman, n
german-x-2012-05-30, nynorsk, oriya, panjabi, pinyin, polish, portuguese, roman
ian, russian, sanskrit, serbian, slovak, slovenian, spanish, swedish, swissgerm
an, tamil, telugu, turkish, turkmen, ukenglish, ukrainian, uppersorbian, usengl
ishmax, welsh, loaded.
(C:\cygwin\home\Jonathon\CourseOutlines\203-912-DW\dawsoncourseoutline.cls
Document Class: dawsoncourseoutline 2010/02/04 v.beta Physics Department
("C:\Program Files\MiKTeX 2.9\tex\latex\base\ifthen.sty")
("C:\Program Files\MiKTeX 2.9\tex\latex\ltxmisc\url.sty")
(C:\Users\Jonathon\AppData\Roaming\MiKTeX\2.9\tex\latex\tabulary\tabulary.sty
("C:\Program Files\MiKTeX 2.9\tex\latex\tools\array.sty"))
("C:\Program Files\MiKTeX 2.9\tex\latex\graphics\graphicx.sty"
("C:\Program Files\MiKTeX 2.9\tex\latex\graphics\keyval.sty")
("C:\Program Files\MiKTeX 2.9\tex\latex\graphics\graphics.sty"
("C:\Program Files\MiKTeX 2.9\tex\latex\graphics\trig.sty")
("C:\Program Files\MiKTeX 2.9\tex\latex\00miktex\graphics.cfg")
("C:\Program Files\MiKTeX 2.9\tex\latex\pdftex-def\pdftex.def"
("C:\Program Files\MiKTeX 2.9\tex\generic\oberdiek\infwarerr.sty")
("C:\Program Files\MiKTeX 2.9\tex\generic\oberdiek\ltxcmds.sty"))))
("C:\Program Files\MiKTeX 2.9\tex\latex\dingbat\dingbat.sty")
("C:\Program Files\MiKTeX 2.9\tex\latex\bbding\bbding.sty")
("C:\Program Files\MiKTeX 2.9\tex\latex\base\article.cls"
Document Class: article 2007/10/19 v1.4h Standard LaTeX document class
("C:\Program Files\MiKTeX 2.9\tex\latex\base\size10.clo"))
("C:\Program Files\MiKTeX 2.9\tex\latex\enumitem\enumitem.sty"))
(C:\cygwin\home\Jonathon\CourseOutlines\203-912-DW\title.tex)
(C:\cygwin\home\Jonathon\CourseOutlines\203-912-DW\203-912-DW.aux)
("C:\Program Files\MiKTeX 2.9\tex\context\base\supp-pdf.mkii"
[Loading MPS to PDF converter (version 2006.09.02).]
) <./dawson.png, id=1, 483.30562pt x 158.09062pt> <use ./dawson.png>
(C:\cygwin\home\Jonathon\CourseOutlines\203-912-DW\Teachers.tex)
(C:\cygwin\home\Jonathon\CourseOutlines\203-912-DW\Prerequisites.tex)
(C:\cygwin\home\Jonathon\CourseOutlines\203-912-DW\Corequisites.tex)
(C:\cygwin\home\Jonathon\CourseOutlines\203-912-DW\Ponderation.tex)
(C:\cygwin\home\Jonathon\CourseOutlines\203-912-DW\CourseObjectives.tex)
(C:\cygwin\home\Jonathon\CourseOutlines\203-912-DW\CourseCompetencies.tex)
Underfull \hbox (badness 10000) in paragraph at lines 12--33

(C:\cygwin\home\Jonathon\CourseOutlines\General\EvaluationIntro.tex)
Underfull \hbox (badness 10000) in paragraph at lines 1--35

(C:\cygwin\home\Jonathon\CourseOutlines\203-912-DW\EvaluationGrid.tex
Underfull \hbox (badness 10000) in paragraph at lines 1--1

)
Underfull \hbox (badness 10000) in paragraph at lines 1--37

(C:\cygwin\home\Jonathon\CourseOutlines\General\Submission.tex)
Underfull \hbox (badness 10000) in paragraph at lines 2--39

(C:\cygwin\home\Jonathon\CourseOutlines\203-912-DW\EvaluationNote.tex)
(C:\cygwin\home\Jonathon\CourseOutlines\203-912-DW\Textbook.tex)
Underfull \hbox (badness 10000) in paragraph at lines 4--43

(C:\cygwin\home\Jonathon\CourseOutlines\General\TeachingMethods.tex)
Underfull \hbox (badness 10000) in paragraph at lines 1--45

(C:\cygwin\home\Jonathon\CourseOutlines\General\Attendance.tex)
Underfull \hbox (badness 10000) in paragraph at lines 1--47

(C:\cygwin\home\Jonathon\CourseOutlines\General\LiteracyStandards.tex)
Underfull \hbox (badness 10000) in paragraph at lines 1--49

(C:\cygwin\home\Jonathon\CourseOutlines\General\LabWork.tex)
Underfull \hbox (badness 10000) in paragraph at lines 1--51

[1{C:/Users/Jonathon/AppData/Local/MiKTeX/2.9/pdftex/config/pdftex.map} <C:/cyg
win/home/Jonathon/CourseOutlines/203-912-DW/dawson.png>]
(C:\cygwin\home\Jonathon\CourseOutlines\General\StudentObligations.tex)
Underfull \hbox (badness 10000) in paragraph at lines 1--53

(C:\cygwin\home\Jonathon\CourseOutlines\General\AcademicIntegrity.tex)
Underfull \hbox (badness 10000) in paragraph at lines 1--55

(C:\cygwin\home\Jonathon\CourseOutlines\General\Intensives.tex)
Underfull \hbox (badness 10000) in paragraph at lines 1--57

(C:\cygwin\home\Jonathon\CourseOutlines\General\ReligiousObservances.tex)
Underfull \hbox (badness 10000) in paragraph at lines 1--59

(C:\cygwin\home\Jonathon\CourseOutlines\203-912-DW\CourseContent.tex)
Underfull \hbox (badness 10000) in paragraph at lines 22--61

(C:\cygwin\home\Jonathon\CourseOutlines\203-912-DW\ComprehensiveAssessment.tex)
(C:\cygwin\home\Jonathon\CourseOutlines\203-912-DW\Notes.tex)
(C:\cygwin\home\Jonathon\CourseOutlines\General\Questions.tex
("C:\Program Files\MiKTeX 2.9\tex\latex\base\omscmr.fd"))
Underfull \hbox (badness 10000) in paragraph at lines 12--67

[2] [3] (C:\cygwin\home\Jonathon\CourseOutlines\203-912-DW\203-912-DW.aux) )
(see the transcript file for additional information)<C:/Program Files/MiKTeX 2.
9/fonts/type1/public/amsfonts/cm/cmbx10.pfb><C:/Program Files/MiKTeX 2.9/fonts/
type1/public/amsfonts/cm/cmbx12.pfb><C:/Program Files/MiKTeX 2.9/fonts/type1/pu
blic/amsfonts/cm/cmr10.pfb><C:/Program Files/MiKTeX 2.9/fonts/type1/public/amsf
onts/cm/cmr12.pfb><C:/Program Files/MiKTeX 2.9/fonts/type1/public/amsfonts/cm/c
msy10.pfb><C:/Program Files/MiKTeX 2.9/fonts/type1/public/amsfonts/cm/cmsy7.pfb
><C:/Program Files/MiKTeX 2.9/fonts/type1/public/amsfonts/cm/cmtt10.pfb>
Output written on 203-912-DW.pdf (3 pages, 237380 bytes).
Transcript written on 203-912-DW.log.
