This is pdfTeX, Version 3.1415926-2.4-1.40.13 (MiKTeX 2.9) (preloaded format=pdflatex 2013.8.8)  19 AUG 2014 17:46
entering extended mode
**203-BXB-05(DI).tex
(C:\cygwin\home\Jonathon\CourseOutlines\203-BXB-05(DI)\203-BXB-05(DI).tex
LaTeX2e <2011/06/27>
Babel <v3.8m> and hyphenation patterns for english, afrikaans, ancientgreek, ar
abic, armenian, assamese, basque, bengali, bokmal, bulgarian, catalan, coptic, 
croatian, czech, danish, dutch, esperanto, estonian, farsi, finnish, french, ga
lician, german, german-x-2012-05-30, greek, gujarati, hindi, hungarian, iceland
ic, indonesian, interlingua, irish, italian, kannada, kurmanji, latin, latvian,
 lithuanian, malayalam, marathi, mongolian, mongolianlmc, monogreek, ngerman, n
german-x-2012-05-30, nynorsk, oriya, panjabi, pinyin, polish, portuguese, roman
ian, russian, sanskrit, serbian, slovak, slovenian, spanish, swedish, swissgerm
an, tamil, telugu, turkish, turkmen, ukenglish, ukrainian, uppersorbian, usengl
ishmax, welsh, loaded.
(C:\cygwin\home\Jonathon\CourseOutlines\203-BXB-05(DI)\dawsoncourseoutline.cls
Document Class: dawsoncourseoutline 2010/02/04 v.beta Physics Department
("C:\Program Files\MiKTeX 2.9\tex\latex\base\ifthen.sty"
Package: ifthen 2001/05/26 v1.1c Standard LaTeX ifthen package (DPC)
)
("C:\Program Files\MiKTeX 2.9\tex\latex\ltxmisc\url.sty"
\Urlmuskip=\muskip10
Package: url 2006/04/12  ver 3.3  Verb mode for urls, etc.
)
(C:\Users\Jonathon\AppData\Roaming\MiKTeX\2.9\tex\latex\tabulary\tabulary.sty
Package: tabulary 2008/12/01 v0.9 tabulary package (DPC)

("C:\Program Files\MiKTeX 2.9\tex\latex\tools\array.sty"
Package: array 2008/09/09 v2.4c Tabular extension package (FMi)
\col@sep=\dimen102
\extrarowheight=\dimen103
\NC@list=\toks14
\extratabsurround=\skip41
\backup@length=\skip42
)
\TY@count=\count79
\TY@linewidth=\dimen104
\tymin=\dimen105
\tymax=\dimen106
\TY@tablewidth=\dimen107
)
("C:\Program Files\MiKTeX 2.9\tex\latex\graphics\graphicx.sty"
Package: graphicx 1999/02/16 v1.0f Enhanced LaTeX Graphics (DPC,SPQR)

("C:\Program Files\MiKTeX 2.9\tex\latex\graphics\keyval.sty"
Package: keyval 1999/03/16 v1.13 key=value parser (DPC)
\KV@toks@=\toks15
)
("C:\Program Files\MiKTeX 2.9\tex\latex\graphics\graphics.sty"
Package: graphics 2009/02/05 v1.0o Standard LaTeX Graphics (DPC,SPQR)

("C:\Program Files\MiKTeX 2.9\tex\latex\graphics\trig.sty"
Package: trig 1999/03/16 v1.09 sin cos tan (DPC)
)
("C:\Program Files\MiKTeX 2.9\tex\latex\00miktex\graphics.cfg"
File: graphics.cfg 2007/01/18 v1.5 graphics configuration of teTeX/TeXLive
)
Package graphics Info: Driver file: pdftex.def on input line 91.

("C:\Program Files\MiKTeX 2.9\tex\latex\pdftex-def\pdftex.def"
File: pdftex.def 2011/05/27 v0.06d Graphics/color for pdfTeX

("C:\Program Files\MiKTeX 2.9\tex\generic\oberdiek\infwarerr.sty"
Package: infwarerr 2010/04/08 v1.3 Providing info/warning/error messages (HO)
)
("C:\Program Files\MiKTeX 2.9\tex\generic\oberdiek\ltxcmds.sty"
Package: ltxcmds 2011/11/09 v1.22 LaTeX kernel commands for general use (HO)
)
\Gread@gobject=\count80
))
\Gin@req@height=\dimen108
\Gin@req@width=\dimen109
)
("C:\Program Files\MiKTeX 2.9\tex\latex\dingbat\dingbat.sty"
Package: dingbat 2001/04/27 v1.00 Hands and other dingbats
)
("C:\Program Files\MiKTeX 2.9\tex\latex\bbding\bbding.sty"
Package: bbding 1999/04/15 v1.01 Dingbats symbols
)
("C:\Program Files\MiKTeX 2.9\tex\latex\base\article.cls"
Document Class: article 2007/10/19 v1.4h Standard LaTeX document class
("C:\Program Files\MiKTeX 2.9\tex\latex\base\size10.clo"
File: size10.clo 2007/10/19 v1.4h Standard LaTeX file (size option)
)
\c@part=\count81
\c@section=\count82
\c@subsection=\count83
\c@subsubsection=\count84
\c@paragraph=\count85
\c@subparagraph=\count86
\c@figure=\count87
\c@table=\count88
\abovecaptionskip=\skip43
\belowcaptionskip=\skip44
\bibindent=\dimen110
)
("C:\Program Files\MiKTeX 2.9\tex\latex\enumitem\enumitem.sty"
Package: enumitem 2011/09/28 v3.5.2 Customized lists
\labelindent=\skip45
\enit@outerparindent=\dimen111
\enit@toks=\toks16
\enit@inbox=\box26
\enitdp@description=\count89
)
\entrywidth=\skip46
)
(C:\cygwin\home\Jonathon\CourseOutlines\203-BXB-05(DI)\title.tex)
(C:\cygwin\home\Jonathon\CourseOutlines\203-BXB-05(DI)\203-BXB-05(DI).aux)
LaTeX Font Info:    Checking defaults for OML/cmm/m/it on input line 16.
LaTeX Font Info:    ... okay on input line 16.
LaTeX Font Info:    Checking defaults for T1/cmr/m/n on input line 16.
LaTeX Font Info:    ... okay on input line 16.
LaTeX Font Info:    Checking defaults for OT1/cmr/m/n on input line 16.
LaTeX Font Info:    ... okay on input line 16.
LaTeX Font Info:    Checking defaults for OMS/cmsy/m/n on input line 16.
LaTeX Font Info:    ... okay on input line 16.
LaTeX Font Info:    Checking defaults for OMX/cmex/m/n on input line 16.
LaTeX Font Info:    ... okay on input line 16.
LaTeX Font Info:    Checking defaults for U/cmr/m/n on input line 16.
LaTeX Font Info:    ... okay on input line 16.

("C:\Program Files\MiKTeX 2.9\tex\context\base\supp-pdf.mkii"
[Loading MPS to PDF converter (version 2006.09.02).]
\scratchcounter=\count90
\scratchdimen=\dimen112
\scratchbox=\box27
\nofMPsegments=\count91
\nofMParguments=\count92
\everyMPshowfont=\toks17
\MPscratchCnt=\count93
\MPscratchDim=\dimen113
\MPnumerator=\count94
\makeMPintoPDFobject=\count95
\everyMPtoPDFconversion=\toks18
) <./dawson.png, id=1, 483.30562pt x 158.09062pt>
File: ./dawson.png Graphic file (type png)
 <use ./dawson.png>
Package pdftex.def Info: ./dawson.png used on input line 17.
(pdftex.def)             Requested size: 135.50624pt x 44.32295pt.

(C:\cygwin\home\Jonathon\CourseOutlines\203-BXB-05(DI)\Teachers.tex
LaTeX Font Info:    External font `cmex10' loaded for size
(Font)              <7> on input line 6.
LaTeX Font Info:    External font `cmex10' loaded for size
(Font)              <5> on input line 6.
)
Underfull \hbox (badness 10000) in paragraph at lines 6--19

 []

(C:\cygwin\home\Jonathon\CourseOutlines\203-BXB-05(DI)\Prerequisites.tex)
(C:\cygwin\home\Jonathon\CourseOutlines\203-BXB-05(DI)\Corequisites.tex)
(C:\cygwin\home\Jonathon\CourseOutlines\203-BXB-05(DI)\Ponderation.tex)
(C:\cygwin\home\Jonathon\CourseOutlines\203-BXB-05(DI)\CourseObjectives.tex)
Underfull \hbox (badness 10000) in paragraph at lines 2--30

 []

(C:\cygwin\home\Jonathon\CourseOutlines\203-BXB-05(DI)\CourseCompetencies.tex)
Underfull \hbox (badness 10000) in paragraph at lines 12--32

 []

(C:\cygwin\home\Jonathon\CourseOutlines\General\EvaluationIntro.tex)
Underfull \hbox (badness 10000) in paragraph at lines 1--34

 []

(C:\cygwin\home\Jonathon\CourseOutlines\203-BXB-05(DI)\EvaluationGrid.tex
Underfull \hbox (badness 10000) in paragraph at lines 3--3

 []

)
Underfull \hbox (badness 10000) in paragraph at lines 3--36

 []

(C:\cygwin\home\Jonathon\CourseOutlines\203-BXB-05(DI)\ToPass.tex
(C:\cygwin\home\Jonathon\CourseOutlines\General\ToPass.tex))
Underfull \hbox (badness 10000) in paragraph at lines 2--38

 []

(C:\cygwin\home\Jonathon\CourseOutlines\General\EvaluationNote.tex
LaTeX Font Info:    Try loading font information for OMS+cmr on input line 10.

("C:\Program Files\MiKTeX 2.9\tex\latex\base\omscmr.fd"
File: omscmr.fd 1999/05/25 v2.5h Standard LaTeX font definitions
)
LaTeX Font Info:    Font shape `OMS/cmr/m/n' in size <10> not available
(Font)              Font shape `OMS/cmsy/m/n' tried instead on input line 10.
)
Underfull \hbox (badness 10000) in paragraph at lines 10--40

 []

(C:\cygwin\home\Jonathon\CourseOutlines\203-BXB-05(DI)\Textbook.tex)
Underfull \hbox (badness 10000) in paragraph at lines 7--42

 []

[1

{C:/Users/Jonathon/AppData/Local/MiKTeX/2.9/pdftex/config/pdftex.map} <C:/cygwi
n/home/Jonathon/CourseOutlines/203-BXB-05(DI)/dawson.png>]
(C:\cygwin\home\Jonathon\CourseOutlines\General\TeachingMethods.tex)
Underfull \hbox (badness 10000) in paragraph at lines 1--44

 []

(C:\cygwin\home\Jonathon\CourseOutlines\General\Attendance.tex)
Underfull \hbox (badness 10000) in paragraph at lines 1--46

 []

(C:\cygwin\home\Jonathon\CourseOutlines\General\LiteracyStandards.tex)
Underfull \hbox (badness 10000) in paragraph at lines 1--48

 []

(C:\cygwin\home\Jonathon\CourseOutlines\General\LabWork.tex)
Underfull \hbox (badness 10000) in paragraph at lines 1--50

 []

(C:\cygwin\home\Jonathon\CourseOutlines\General\StudentObligations.tex)
Underfull \hbox (badness 10000) in paragraph at lines 1--52

 []

(C:\cygwin\home\Jonathon\CourseOutlines\General\AcademicIntegrity.tex)
Underfull \hbox (badness 10000) in paragraph at lines 1--54

 []

(C:\cygwin\home\Jonathon\CourseOutlines\General\Intensives.tex)
Underfull \hbox (badness 10000) in paragraph at lines 1--56

 []

(C:\cygwin\home\Jonathon\CourseOutlines\General\ReligiousObservances.tex)
Underfull \hbox (badness 10000) in paragraph at lines 1--58

 []

(C:\cygwin\home\Jonathon\CourseOutlines\203-BXB-05(DI)\CourseContent.tex)
Underfull \hbox (badness 10000) in paragraph at lines 17--60

 []

[2]
(C:\cygwin\home\Jonathon\CourseOutlines\203-BXB-05(DI)\ComprehensiveAssessment.
tex) (C:\cygwin\home\Jonathon\CourseOutlines\203-BXB-05(DI)\Notes.tex)
(C:\cygwin\home\Jonathon\CourseOutlines\203-BXB-05(DI)\Questions.tex
(C:\cygwin\home\Jonathon\CourseOutlines\General\Questions_noFC.tex))
Underfull \hbox (badness 10000) in paragraph at lines 7--66

 []

[3] (C:\cygwin\home\Jonathon\CourseOutlines\203-BXB-05(DI)\203-BXB-05(DI).aux) 
) 
Here is how much of TeX's memory you used:
 1949 strings out of 493921
 29672 string characters out of 3147274
 87848 words of memory out of 3000000
 5178 multiletter control sequences out of 15000+200000
 5664 words of font info for 21 fonts, out of 3000000 for 9000
 841 hyphenation exceptions out of 8191
 34i,12n,21p,878b,356s stack positions out of 5000i,500n,10000p,200000b,50000s
<C:/Program Files/MiKTeX 2.9/fonts/type1/public/amsfonts/cm/cmbx10.pfb><C:/Pro
gram Files/MiKTeX 2.9/fonts/type1/public/amsfonts/cm/cmbx12.pfb><C:/Program Fil
es/MiKTeX 2.9/fonts/type1/public/amsfonts/cm/cmr10.pfb><C:/Program Files/MiKTeX
 2.9/fonts/type1/public/amsfonts/cm/cmr12.pfb><C:/Program Files/MiKTeX 2.9/font
s/type1/public/amsfonts/cm/cmr9.pfb><C:/Program Files/MiKTeX 2.9/fonts/type1/pu
blic/amsfonts/cm/cmsy10.pfb><C:/Program Files/MiKTeX 2.9/fonts/type1/public/ams
fonts/cm/cmsy7.pfb><C:/Program Files/MiKTeX 2.9/fonts/type1/public/amsfonts/cm/
cmti10.pfb><C:/Program Files/MiKTeX 2.9/fonts/type1/public/amsfonts/cm/cmtt10.p
fb>
Output written on 203-BXB-05(DI).pdf (3 pages, 263918 bytes).
PDF statistics:
 49 PDF objects out of 1000 (max. 8388607)
 0 named destinations out of 1000 (max. 500000)
 6 words of extra memory for PDF output out of 10000 (max. 10000000)

